<?xml version="1.0" encoding="UTF-8"?>
<testng-results ignored="0" total="1" passed="1" failed="0" skipped="0">
  <reporter-output>
  </reporter-output>
  <suite started-at="2024-01-25T09:55:17 EST" name="Default suite" finished-at="2024-01-25T09:55:18 EST" duration-ms="854">
    <groups>
    </groups>
    <test started-at="2024-01-25T09:55:17 EST" name="Default test" finished-at="2024-01-25T09:55:18 EST" duration-ms="854">
      <class name="com.qa.test.GetAPITest">
        <test-method is-config="true" signature="setUp()[pri:0, instance:com.qa.test.GetAPITest@7c24b813]" started-at="2024-01-25T09:55:17 EST" name="setUp" finished-at="2024-01-25T09:55:17 EST" duration-ms="9" status="PASS">
          <reporter-output>
          </reporter-output>
        </test-method> <!-- setUp -->
        <test-method signature="getTest()[pri:0, instance:com.qa.test.GetAPITest@7c24b813]" started-at="2024-01-25T09:55:17 EST" name="getTest" finished-at="2024-01-25T09:55:18 EST" duration-ms="799" status="PASS">
          <reporter-output>
          </reporter-output>
        </test-method> <!-- getTest -->
      </class> <!-- com.qa.test.GetAPITest -->
    </test> <!-- Default test -->
  </suite> <!-- Default suite -->
</testng-results>
