<?xml version="1.0" encoding="UTF-8"?>
<!-- Generated by org.testng.reporters.JUnitXMLReporter -->
<testsuite ignored="0" hostname="DESKTOP-77S5D98" failures="1" tests="4" name="Different Testing Feature Test" time="13.403" errors="0" timestamp="2024-01-17T17:16:35 EST">
  <testcase classname="com.test.ExceptionTimeOutTest" name="infinteLoopTest" time="2.029">
    <failure type="org.testng.internal.thread.ThreadTimeoutException" message="Method com.test.ExceptionTimeOutTest.infinteLoopTest() didn&amp;apos;t finish within the time-out 2000">
      <![CDATA[org.testng.internal.thread.ThreadTimeoutException: Method com.test.ExceptionTimeOutTest.infinteLoopTest() didn't finish within the time-out 2000
at java.base@17.0.4.1/java.io.FileOutputStream.writeBytes(Native Method)
at java.base@17.0.4.1/java.io.FileOutputStream.write(FileOutputStream.java:349)
at java.base@17.0.4.1/java.io.BufferedOutputStream.flushBuffer(BufferedOutputStream.java:81)
at java.base@17.0.4.1/java.io.BufferedOutputStream.flush(BufferedOutputStream.java:142)
at java.base@17.0.4.1/java.io.PrintStream.write(PrintStream.java:570)
at java.base@17.0.4.1/sun.nio.cs.StreamEncoder.writeBytes(StreamEncoder.java:234)
at java.base@17.0.4.1/sun.nio.cs.StreamEncoder.implFlushBuffer(StreamEncoder.java:313)
at java.base@17.0.4.1/sun.nio.cs.StreamEncoder.flushBuffer(StreamEncoder.java:111)
at java.base@17.0.4.1/java.io.OutputStreamWriter.flushBuffer(OutputStreamWriter.java:178)
at java.base@17.0.4.1/java.io.PrintStream.writeln(PrintStream.java:723)
at java.base@17.0.4.1/java.io.PrintStream.println(PrintStream.java:938)
at app//com.test.ExceptionTimeOutTest.infinteLoopTest(ExceptionTimeOutTest.java:16)
at java.base@17.0.4.1/java.util.concurrent.FutureTask.run(FutureTask.java:264)
at java.base@17.0.4.1/java.util.concurrent.ThreadPoolExecutor.runWorker(ThreadPoolExecutor.java:1136)
at java.base@17.0.4.1/java.util.concurrent.ThreadPoolExecutor$Worker.run(ThreadPoolExecutor.java:635)
at java.base@17.0.4.1/java.lang.Thread.run(Thread.java:833)
... Removed 8 stack frames]]>
    </failure>
  </testcase> <!-- infinteLoopTest -->
  <testcase classname="com.test.ExceptionTimeOutTest" name="test1" time="0.008"/>
  <testcase classname="com.test.GoogleTitleTest" name="googleLogoTest" time="0.119"/>
  <testcase classname="com.test.GoogleTitleTest" name="googleTitleTest" time="0.018"/>
</testsuite> <!-- Different Testing Feature Test -->
