<?xml version="1.0" encoding="UTF-8"?>
<testng-results ignored="0" total="2" passed="2" failed="0" skipped="0">
  <reporter-output>
  </reporter-output>
  <suite started-at="2024-01-20T17:14:33 EST" name="Default suite" finished-at="2024-01-20T17:14:43 EST" duration-ms="10059">
    <groups>
    </groups>
    <test started-at="2024-01-20T17:14:33 EST" name="Default test" finished-at="2024-01-20T17:14:43 EST" duration-ms="10059">
      <class name="com.test.TestNGParallelTestingDemo">
        <test-method signature="test1()[pri:0, instance:com.test.TestNGParallelTestingDemo@5d534f5d]" started-at="2024-01-20T17:14:33 EST" name="test1" finished-at="2024-01-20T17:14:40 EST" duration-ms="7051" status="PASS">
          <reporter-output>
          </reporter-output>
        </test-method> <!-- test1 -->
        <test-method signature="test2()[pri:0, instance:com.test.TestNGParallelTestingDemo@5d534f5d]" started-at="2024-01-20T17:14:40 EST" name="test2" finished-at="2024-01-20T17:14:43 EST" duration-ms="2948" status="PASS">
          <reporter-output>
          </reporter-output>
        </test-method> <!-- test2 -->
      </class> <!-- com.test.TestNGParallelTestingDemo -->
    </test> <!-- Default test -->
  </suite> <!-- Default suite -->
</testng-results>
